{"C:\\Users\\vlubc\\expressBookReviews\\final_project\\router\\auth_users.js": {"path":"C:\\Users\\vlubc\\expressBookReviews\\final_project\\router\\auth_users.js","statementMap":{"0":{"start":{"line":1,"column":16},"end":{"line":1,"column":34}},"1":{"start":{"line":2,"column":12},"end":{"line":2,"column":35}},"2":{"start":{"line":3,"column":12},"end":{"line":3,"column":35}},"3":{"start":{"line":4,"column":19},"end":{"line":4,"column":35}},"4":{"start":{"line":5,"column":16},"end":{"line":5,"column":39}},"5":{"start":{"line":6,"column":16},"end":{"line":11,"column":1}},"6":{"start":{"line":7,"column":4},"end":{"line":9,"column":5}},"7":{"start":{"line":8,"column":8},"end":{"line":8,"column":20}},"8":{"start":{"line":10,"column":4},"end":{"line":10,"column":17}},"9":{"start":{"line":13,"column":26},"end":{"line":25,"column":1}},"10":{"start":{"line":16,"column":4},"end":{"line":22,"column":5}},"11":{"start":{"line":18,"column":8},"end":{"line":21,"column":9}},"12":{"start":{"line":20,"column":12},"end":{"line":20,"column":24}},"13":{"start":{"line":24,"column":4},"end":{"line":24,"column":17}},"14":{"start":{"line":27,"column":28},"end":{"line":32,"column":1}},"15":{"start":{"line":28,"column":4},"end":{"line":30,"column":5}},"16":{"start":{"line":29,"column":8},"end":{"line":29,"column":20}},"17":{"start":{"line":31,"column":4},"end":{"line":31,"column":17}},"18":{"start":{"line":34,"column":0},"end":{"line":46,"column":3}},"19":{"start":{"line":35,"column":15},"end":{"line":35,"column":29}},"20":{"start":{"line":35,"column":42},"end":{"line":35,"column":60}},"21":{"start":{"line":39,"column":4},"end":{"line":45,"column":5}},"22":{"start":{"line":40,"column":20},"end":{"line":40,"column":70}},"23":{"start":{"line":42,"column":8},"end":{"line":42,"column":92}},"24":{"start":{"line":44,"column":8},"end":{"line":44,"column":70}},"25":{"start":{"line":50,"column":0},"end":{"line":86,"column":3}},"26":{"start":{"line":53,"column":16},"end":{"line":53,"column":41}},"27":{"start":{"line":56,"column":4},"end":{"line":84,"column":5}},"28":{"start":{"line":58,"column":8},"end":{"line":81,"column":11}},"29":{"start":{"line":59,"column":12},"end":{"line":80,"column":13}},"30":{"start":{"line":60,"column":16},"end":{"line":60,"column":36}},"31":{"start":{"line":62,"column":27},"end":{"line":62,"column":41}},"32":{"start":{"line":63,"column":29},"end":{"line":63,"column":45}},"33":{"start":{"line":64,"column":16},"end":{"line":66,"column":17}},"34":{"start":{"line":65,"column":20},"end":{"line":65,"column":91}},"35":{"start":{"line":67,"column":32},"end":{"line":67,"column":37}},"36":{"start":{"line":69,"column":16},"end":{"line":75,"column":17}},"37":{"start":{"line":70,"column":20},"end":{"line":74,"column":21}},"38":{"start":{"line":71,"column":24},"end":{"line":71,"column":62}},"39":{"start":{"line":72,"column":24},"end":{"line":72,"column":41}},"40":{"start":{"line":73,"column":24},"end":{"line":73,"column":92}},"41":{"start":{"line":76,"column":16},"end":{"line":79,"column":17}},"42":{"start":{"line":77,"column":20},"end":{"line":77,"column":47}},"43":{"start":{"line":78,"column":20},"end":{"line":78,"column":77}},"44":{"start":{"line":83,"column":8},"end":{"line":83,"column":28}},"45":{"start":{"line":88,"column":0},"end":{"line":88,"column":42}},"46":{"start":{"line":89,"column":0},"end":{"line":89,"column":33}},"47":{"start":{"line":91,"column":0},"end":{"line":91,"column":57}}},"fnMap":{"0":{"name":"(anonymous_0)","decl":{"start":{"line":6,"column":16},"end":{"line":6,"column":17}},"loc":{"start":{"line":6,"column":30},"end":{"line":11,"column":1}},"line":6},"1":{"name":"(anonymous_1)","decl":{"start":{"line":13,"column":26},"end":{"line":13,"column":27}},"loc":{"start":{"line":13,"column":50},"end":{"line":25,"column":1}},"line":13},"2":{"name":"(anonymous_2)","decl":{"start":{"line":27,"column":28},"end":{"line":27,"column":29}},"loc":{"start":{"line":27,"column":42},"end":{"line":32,"column":1}},"line":27},"3":{"name":"(anonymous_3)","decl":{"start":{"line":34,"column":26},"end":{"line":34,"column":27}},"loc":{"start":{"line":34,"column":40},"end":{"line":46,"column":1}},"line":34},"4":{"name":"(anonymous_4)","decl":{"start":{"line":50,"column":31},"end":{"line":50,"column":32}},"loc":{"start":{"line":50,"column":45},"end":{"line":86,"column":1}},"line":50},"5":{"name":"(anonymous_5)","decl":{"start":{"line":58,"column":50},"end":{"line":58,"column":51}},"loc":{"start":{"line":58,"column":69},"end":{"line":81,"column":9}},"line":58}},"branchMap":{"0":{"loc":{"start":{"line":7,"column":4},"end":{"line":9,"column":5}},"type":"if","locations":[{"start":{"line":7,"column":4},"end":{"line":9,"column":5}},{"start":{},"end":{}}],"line":7},"1":{"loc":{"start":{"line":16,"column":4},"end":{"line":22,"column":5}},"type":"if","locations":[{"start":{"line":16,"column":4},"end":{"line":22,"column":5}},{"start":{},"end":{}}],"line":16},"2":{"loc":{"start":{"line":18,"column":8},"end":{"line":21,"column":9}},"type":"if","locations":[{"start":{"line":18,"column":8},"end":{"line":21,"column":9}},{"start":{},"end":{}}],"line":18},"3":{"loc":{"start":{"line":28,"column":4},"end":{"line":30,"column":5}},"type":"if","locations":[{"start":{"line":28,"column":4},"end":{"line":30,"column":5}},{"start":{},"end":{}}],"line":28},"4":{"loc":{"start":{"line":39,"column":4},"end":{"line":45,"column":5}},"type":"if","locations":[{"start":{"line":39,"column":4},"end":{"line":45,"column":5}},{"start":{"line":43,"column":11},"end":{"line":45,"column":5}}],"line":39},"5":{"loc":{"start":{"line":56,"column":4},"end":{"line":84,"column":5}},"type":"if","locations":[{"start":{"line":56,"column":4},"end":{"line":84,"column":5}},{"start":{"line":82,"column":11},"end":{"line":84,"column":5}}],"line":56},"6":{"loc":{"start":{"line":59,"column":12},"end":{"line":80,"column":13}},"type":"if","locations":[{"start":{"line":59,"column":12},"end":{"line":80,"column":13}},{"start":{"line":61,"column":19},"end":{"line":80,"column":13}}],"line":59},"7":{"loc":{"start":{"line":64,"column":16},"end":{"line":66,"column":17}},"type":"if","locations":[{"start":{"line":64,"column":16},"end":{"line":66,"column":17}},{"start":{},"end":{}}],"line":64},"8":{"loc":{"start":{"line":64,"column":20},"end":{"line":64,"column":36}},"type":"binary-expr","locations":[{"start":{"line":64,"column":20},"end":{"line":64,"column":25}},{"start":{"line":64,"column":29},"end":{"line":64,"column":36}}],"line":64},"9":{"loc":{"start":{"line":70,"column":20},"end":{"line":74,"column":21}},"type":"if","locations":[{"start":{"line":70,"column":20},"end":{"line":74,"column":21}},{"start":{},"end":{}}],"line":70},"10":{"loc":{"start":{"line":76,"column":16},"end":{"line":79,"column":17}},"type":"if","locations":[{"start":{"line":76,"column":16},"end":{"line":79,"column":17}},{"start":{},"end":{}}],"line":76}},"s":{"0":1,"1":1,"2":1,"3":1,"4":1,"5":1,"6":4,"7":3,"8":1,"9":1,"10":4,"11":3,"12":3,"13":1,"14":1,"15":0,"16":0,"17":0,"18":1,"19":4,"20":4,"21":4,"22":3,"23":3,"24":1,"25":1,"26":3,"27":3,"28":2,"29":2,"30":0,"31":2,"32":2,"33":2,"34":1,"35":1,"36":1,"37":6,"38":1,"39":1,"40":1,"41":0,"42":0,"43":0,"44":1,"45":1,"46":1,"47":1},"f":{"0":4,"1":4,"2":0,"3":4,"4":3,"5":2},"b":{"0":[3,1],"1":[3,1],"2":[3,0],"3":[0,0],"4":[3,1],"5":[2,1],"6":[0,2],"7":[1,1],"8":[2,1],"9":[1,5],"10":[0,0]},"_coverageSchema":"1a1c01bbd47fc00a2c39e90264f33305004495a9","hash":"f1c08f219798c4cb74e690df3d12bda1dd02dbef"}
,"C:\\Users\\vlubc\\expressBookReviews\\final_project\\router\\booksdb.js": {"path":"C:\\Users\\vlubc\\expressBookReviews\\final_project\\router\\booksdb.js","statementMap":{"0":{"start":{"line":1,"column":12},"end":{"line":12,"column":1}},"1":{"start":{"line":14,"column":0},"end":{"line":14,"column":21}}},"fnMap":{},"branchMap":{},"s":{"0":1,"1":1},"f":{},"b":{},"_coverageSchema":"1a1c01bbd47fc00a2c39e90264f33305004495a9","hash":"838a7028d3bd7adf4aa7a7ae3c2debcf2d2f45ea"}
,"C:\\Users\\vlubc\\expressBookReviews\\final_project\\router\\usersdb.js": {"path":"C:\\Users\\vlubc\\expressBookReviews\\final_project\\router\\usersdb.js","statementMap":{"0":{"start":{"line":1,"column":12},"end":{"line":3,"column":1}},"1":{"start":{"line":4,"column":0},"end":{"line":4,"column":23}}},"fnMap":{},"branchMap":{},"s":{"0":1,"1":1},"f":{},"b":{},"_coverageSchema":"1a1c01bbd47fc00a2c39e90264f33305004495a9","hash":"b29a303c9ede181493111c8b2d3b062293c363dc"}
}
