TN:
SF:router\auth_users.js
FN:6,(anonymous_0)
FN:13,(anonymous_1)
FN:27,(anonymous_2)
FN:34,(anonymous_3)
FN:50,(anonymous_4)
FN:58,(anonymous_5)
FNF:6
FNH:5
FNDA:4,(anonymous_0)
FNDA:4,(anonymous_1)
FNDA:0,(anonymous_2)
FNDA:4,(anonymous_3)
FNDA:3,(anonymous_4)
FNDA:2,(anonymous_5)
DA:1,1
DA:2,1
DA:3,1
DA:4,1
DA:5,1
DA:6,1
DA:7,4
DA:8,3
DA:10,1
DA:13,1
DA:16,4
DA:18,3
DA:20,3
DA:24,1
DA:27,1
DA:28,0
DA:29,0
DA:31,0
DA:34,1
DA:35,4
DA:39,4
DA:40,3
DA:42,3
DA:44,1
DA:50,1
DA:53,3
DA:56,3
DA:58,2
DA:59,2
DA:60,0
DA:62,2
DA:63,2
DA:64,2
DA:65,1
DA:67,1
DA:69,1
DA:70,6
DA:71,1
DA:72,1
DA:73,1
DA:76,0
DA:77,0
DA:78,0
DA:83,1
DA:88,1
DA:89,1
DA:91,1
LF:47
LH:40
BRDA:7,0,0,3
BRDA:7,0,1,1
BRDA:16,1,0,3
BRDA:16,1,1,1
BRDA:18,2,0,3
BRDA:18,2,1,0
BRDA:28,3,0,0
BRDA:28,3,1,0
BRDA:39,4,0,3
BRDA:39,4,1,1
BRDA:56,5,0,2
BRDA:56,5,1,1
BRDA:59,6,0,0
BRDA:59,6,1,2
BRDA:64,7,0,1
BRDA:64,7,1,1
BRDA:64,8,0,2
BRDA:64,8,1,1
BRDA:70,9,0,1
BRDA:70,9,1,5
BRDA:76,10,0,0
BRDA:76,10,1,0
BRF:22
BRH:16
end_of_record
TN:
SF:router\booksdb.js
FNF:0
FNH:0
DA:1,1
DA:14,1
LF:2
LH:2
BRF:0
BRH:0
end_of_record
TN:
SF:router\usersdb.js
FNF:0
FNH:0
DA:1,1
DA:4,1
LF:2
LH:2
BRF:0
BRH:0
end_of_record
